database-test/build/outputs/logs/manifest-merger-release-report.txt
-- Merging decision tree log ---
manifest
ADDED from src/main/AndroidManifest.xml:1:1-56
INJECTED from src/main/AndroidManifest.xml:1:1-56
INJECTED from src/main/AndroidManifest.xml:1:1-56
	package
		ADDED from src/main/AndroidManifest.xml:1:11-53
		INJECTED from src/main/AndroidManifest.xml
		INJECTED from src/main/AndroidManifest.xml